                 U nn::os::UnlockMutex(nn::os::MutexType*)
                 U nn::os::LockMutex(nn::os::MutexType*)
                 U nn::sf::hipc::SendSyncRequest(nn::svc::Handle, void*, unsigned long)
                 U nn::sf::hipc::ConnectToHipcService(nn::svc::Handle*, char const*)
                 U nn::sf::hipc::GetMessageBufferOnTls()
                 U nn::sf::hipc::CloseClientSessionHandle(nn::svc::Handle)
                 U nn::sf::hipc::FinalizeHipcServiceResolution()
                 U nn::sf::hipc::InitializeHipcServiceResolution()
                 U abort
                 U deadbeef
                 U free
                 U getenv
                 U malloc
                 U memchr
                 U memcmp
                 U memcpy
                 U memmove
                 U memset
                 U nninitStartup
                 U pthread_getspecific
                 U pthread_key_create
                 U pthread_key_delete
                 U pthread_mutex_lock
                 U pthread_mutex_unlock
                 U pthread_once
                 U pthread_setspecific
                 U strchr
                 U strcmp
                 U strlen
                 U strtoul
0000000000000000 t __code_start__
0000000000000000 t __module_start
0000000000000000 a __start__
0000000000000000 t __text_start__
0000000000000080 t startup
0000000000000094 t bssclr_start
00000000000000bc t bss_loop
00000000000000f0 t __do_global_dtors_aux
0000000000000140 t frame_dummy
0000000000000170 0000000000001474 t __fix_instructions(unsigned int*, unsigned int*, int, unsigned int*, unsigned int*)
00000000000015f0 00000000000000e4 t jitTransitionToExecutable
00000000000016e0 0000000000000114 t memNextMap
00000000000016e0 0000000000000114 t memNextMap.localalias
0000000000001800 0000000000000194 t memNextMapOfType.constprop.0
00000000000019a0 0000000000000224 t skyline::inlinehook::locateMappableSpaceModern(unsigned long*, unsigned long)
0000000000001bd0 00000000000000ac t skyline::inlinehook::ControlledPages::unclaim()
0000000000001c80 00000000000000ec t skyline::inlinehook::ControlledPages::claim() [clone .part.0]
0000000000001d70 0000000000000204 t skyline::utils::Ipc::getOwnProcessHandle(unsigned int*) [clone .isra.0]
0000000000001f80 00000000000002b4 T A64HookFunction
0000000000001f80 00000000000002b4 t A64HookFunction.localalias
0000000000002240 0000000000000260 T A64InlineHook
00000000000024a0 00000000000000ec T sky_memcpy
00000000000024a0 00000000000000ec t sky_memcpy.localalias
0000000000002590 00000000000000ac t void std::__cxx11::basic_string<char, std::char_traits<char>, std::allocator<char> >::_M_construct<char const*>(char const*, char const*, std::forward_iterator_tag)
0000000000002640 000000000000005c t std::__cxx11::basic_string<char, std::char_traits<char>, std::allocator<char> >::_M_create(unsigned long&, unsigned long)
00000000000026a0 00000000000001a0 t std::__cxx11::basic_string<char, std::char_traits<char>, std::allocator<char> >::append(char const*)
0000000000002840 0000000000000170 t std::__cxx11::basic_string<char, std::char_traits<char>, std::allocator<char> >::_M_append(char const*, unsigned long)
00000000000029b0 0000000000000184 t std::__cxx11::basic_string<char, std::char_traits<char>, std::allocator<char> >::_M_mutate(unsigned long, unsigned long, char const*, unsigned long)
0000000000002b40 0000000000000024 t std::__cxx11::basic_string<char, std::char_traits<char>, std::allocator<char> >::_M_dispose()
0000000000002b40 0000000000000024 t std::__cxx11::basic_string<char, std::char_traits<char>, std::allocator<char> >::_M_dispose() [clone .localalias]
0000000000002b70 0000000000000068 T getRegionAddress
0000000000002be0 000000000000018c t std::__cxx11::basic_string<char, std::char_traits<char>, std::allocator<char> >::append(char const*, unsigned long)
0000000000002d70 00000000000000e4 t std::__cxx11::basic_string<char, std::char_traits<char>, std::allocator<char> >::find(char const*, unsigned long, unsigned long) const
0000000000002e60 00000000000000ac t void std::__cxx11::basic_string<char, std::char_traits<char>, std::allocator<char> >::_M_construct<char*>(char*, char*, std::forward_iterator_tag)
0000000000002f10 0000000000000088 t std::__cxx11::basic_string<char, std::char_traits<char>, std::allocator<char> >::_M_erase(unsigned long, unsigned long)
0000000000002fa0 00000000000005ec T __custom_init
0000000000003590 0000000000000044 T __custom_fini
00000000000035e0 0000000000000028 T get_program_id
0000000000003610 000000000000000c t _GLOBAL__sub_D_cpputils.cpp
000000000000361c t inlineHandlerImpl
00000000000036b8 t inlineHandler
00000000000036b8 t inlineHandlerStart
00000000000036c4 t armDCacheFlush
00000000000036c4 t inlineHandlerEnd
00000000000036e8 t armDCacheFlush_L0
0000000000003700 t armICacheInvalidate
0000000000003720 t armICacheInvalidate_L0
0000000000003738 t svcUnmapMemory
0000000000003740 t svcQueryMemory
0000000000003754 t svcGetProcessId
0000000000003768 t svcGetInfo
000000000000377c t svcSetProcessMemoryPermission
0000000000003784 t svcMapProcessMemory
000000000000378c t svcUnmapProcessMemory
0000000000003794 t svcMapProcessCodeMemory
000000000000379c t svcUnmapProcessCodeMemory
00000000000037b0 0000000000000004 t operator delete(void*, unsigned long)
00000000000037c0 0000000000000068 t operator new(unsigned long)
0000000000003828 0000000000000034 t std::__throw_bad_alloc()
000000000000385c 0000000000000054 t std::__throw_logic_error(char const*)
00000000000038b0 0000000000000054 t std::__throw_length_error(char const*)
0000000000003910 000000000000000c t __gnu_cxx::__concurrence_lock_error::what() const
0000000000003920 000000000000000c t __gnu_cxx::__concurrence_unlock_error::what() const
0000000000003930 0000000000000014 t __gnu_cxx::__concurrence_lock_error::~__concurrence_lock_error()
0000000000003930 0000000000000014 t __gnu_cxx::__concurrence_lock_error::~__concurrence_lock_error()
0000000000003950 0000000000000014 t __gnu_cxx::__concurrence_unlock_error::~__concurrence_unlock_error()
0000000000003950 0000000000000014 t __gnu_cxx::__concurrence_unlock_error::~__concurrence_unlock_error()
0000000000003970 0000000000000034 t __gnu_cxx::__concurrence_lock_error::~__concurrence_lock_error()
00000000000039b0 0000000000000034 t __gnu_cxx::__concurrence_unlock_error::~__concurrence_unlock_error()
00000000000039e4 0000000000000034 t __gnu_cxx::__throw_concurrence_lock_error()
0000000000003a18 0000000000000034 t __gnu_cxx::__throw_concurrence_unlock_error()
0000000000003a50 000000000000000c t std::bad_alloc::what() const
0000000000003a60 0000000000000014 t std::bad_alloc::~bad_alloc()
0000000000003a60 0000000000000014 t std::bad_alloc::~bad_alloc()
0000000000003a80 0000000000000028 t std::bad_alloc::~bad_alloc()
0000000000003ab0 0000000000000004 t operator delete(void*)
0000000000003ac0 0000000000000118 t (anonymous namespace)::pool::free(void*) [clone .constprop.0]
0000000000003be0 00000000000000c8 t (anonymous namespace)::pool::allocate(unsigned long) [clone .constprop.0]
0000000000003cb0 0000000000000058 t __cxa_allocate_exception
0000000000003d10 000000000000002c t __cxa_free_exception
0000000000003d40 0000000000000204 t _GLOBAL__sub_I_eh_alloc.cc
0000000000003f50 0000000000000004 t std::exception::~exception()
0000000000003f50 0000000000000004 t std::exception::~exception()
0000000000003f60 000000000000007c t get_adjusted_ptr(std::type_info const*, std::type_info const*, void**)
0000000000003fe0 0000000000000140 t read_encoded_value_with_base(unsigned char, unsigned long, unsigned char const*, unsigned long*)
0000000000004120 000000000000005c t base_of_encoded_value(unsigned char, _Unwind_Context*)
0000000000004180 0000000000000108 t check_exception_spec(lsda_header_info*, std::type_info const*, void*, long)
0000000000004290 00000000000000e8 t parse_lsda_header(_Unwind_Context*, unsigned char const*, lsda_header_info*)
0000000000004380 000000000000059c t __gxx_personality_v0
0000000000004920 0000000000000018 t __cxxabiv1::__terminate(void (*)())
0000000000004940 0000000000000010 t std::get_terminate()
0000000000004950 0000000000000010 t std::terminate()
0000000000004960 0000000000000010 t __cxxabiv1::__unexpected(void (*)())
0000000000004970 0000000000000010 t std::get_unexpected()
0000000000004980 0000000000000010 t std::unexpected()
0000000000004990 0000000000000064 t __gxx_exception_cleanup(_Unwind_Reason_Code, _Unwind_Exception*)
0000000000004a00 0000000000000058 t __cxa_init_primary_exception
0000000000004a60 0000000000000060 t __cxa_throw
0000000000004ac0 0000000000000010 t std::get_new_handler()
0000000000004ad0 0000000000000014 t __cxxabiv1::__si_class_type_info::~__si_class_type_info()
0000000000004ad0 0000000000000014 t __cxxabiv1::__si_class_type_info::~__si_class_type_info()
0000000000004af0 0000000000000028 t __cxxabiv1::__si_class_type_info::~__si_class_type_info()
0000000000004b20 000000000000015c t __cxxabiv1::__si_class_type_info::__do_dyncast(long, __cxxabiv1::__class_type_info::__sub_kind, __cxxabiv1::__class_type_info const*, void const*, __cxxabiv1::__class_type_info const*, void const*, __cxxabiv1::__class_type_info::__dyncast_result&) const
0000000000004c80 000000000000008c t __cxxabiv1::__si_class_type_info::__do_find_public_src(long, void const*, __cxxabiv1::__class_type_info const*, void const*) const
0000000000004d10 0000000000000064 t __cxxabiv1::__si_class_type_info::__do_upcast(__cxxabiv1::__class_type_info const*, void const*, __cxxabiv1::__class_type_info::__upcast_result&) const
0000000000004d80 0000000000000004 t std::type_info::~type_info()
0000000000004d80 0000000000000004 t std::type_info::~type_info()
0000000000004d90 0000000000000008 t std::type_info::__is_pointer_p() const
0000000000004d90 0000000000000008 t std::type_info::__is_function_p() const
0000000000004da0 0000000000000008 t std::logic_error::what() const
0000000000004da0 0000000000000008 t std::runtime_error::what() const
0000000000004db0 0000000000000070 t std::logic_error::~logic_error()
0000000000004db0 0000000000000070 t std::logic_error::~logic_error()
0000000000004e20 0000000000000024 t std::logic_error::~logic_error()
0000000000004e50 0000000000000014 t std::length_error::~length_error()
0000000000004e50 0000000000000014 t std::length_error::~length_error()
0000000000004e70 0000000000000024 t std::length_error::~length_error()
0000000000004ea0 00000000000000f0 t std::logic_error::logic_error(char const*)
0000000000004ea0 00000000000000f0 t std::logic_error::logic_error(char const*)
0000000000004f90 0000000000000030 t std::length_error::length_error(char const*)
0000000000004f90 0000000000000030 t std::length_error::length_error(char const*)
0000000000004fc0 0000000000000080 t std::string::_Rep::_S_create(unsigned long, unsigned long, std::allocator<char> const&)
0000000000005040 0000000000000004 t std::string::_Rep::_M_destroy(std::allocator<char> const&)
0000000000005050 000000000000006c t __cxxabiv1::__class_type_info::__do_upcast(__cxxabiv1::__class_type_info const*, void**) const
00000000000050c0 0000000000000010 t __cxxabiv1::__class_type_info::__do_find_public_src(long, void const*, __cxxabiv1::__class_type_info const*, void const*) const
00000000000050d0 0000000000000014 t __cxxabiv1::__class_type_info::~__class_type_info()
00000000000050d0 0000000000000014 t __cxxabiv1::__class_type_info::~__class_type_info()
00000000000050f0 0000000000000028 t __cxxabiv1::__class_type_info::~__class_type_info()
0000000000005120 0000000000000078 t __cxxabiv1::__class_type_info::__do_upcast(__cxxabiv1::__class_type_info const*, void const*, __cxxabiv1::__class_type_info::__upcast_result&) const
00000000000051a0 00000000000000b8 t __cxxabiv1::__class_type_info::__do_catch(std::type_info const*, void**, unsigned int) const
0000000000005260 00000000000000f4 t __cxxabiv1::__class_type_info::__do_dyncast(long, __cxxabiv1::__class_type_info::__sub_kind, __cxxabiv1::__class_type_info const*, void const*, __cxxabiv1::__class_type_info const*, void const*, __cxxabiv1::__class_type_info::__dyncast_result&) const
0000000000005360 0000000000000044 t __cxa_call_terminate
00000000000053b0 000000000000009c t __cxa_begin_catch
0000000000005450 0000000000000044 t eh_globals_dtor(void*)
00000000000054a0 0000000000000078 t __cxa_get_globals
0000000000005520 0000000000000038 t _GLOBAL__sub_I_eh_globals.cc
0000000000005560 0000000000000034 t _GLOBAL__sub_D_eh_globals.cc
00000000000055a0 0000000000000004 t __clear_cache
00000000000055b0 000000000000009c t __aarch64_sync_cache_range
0000000000005650 00000000000002ac t init_dwarf_reg_size_table
0000000000005900 0000000000000160 t uw_install_context_1
0000000000005a60 0000000000000190 t read_encoded_value
0000000000005bf0 00000000000007a0 t execute_stack_op
0000000000006390 000000000000030c t uw_update_context_1
00000000000066a0 0000000000000148 t uw_update_context
00000000000067f0 000000000000078c t execute_cfa_program_specialized
0000000000006f80 00000000000007c4 t execute_cfa_program_generic
00000000000072f2 N 
00000000000072f2 N 
00000000000072f2 N 
00000000000072f2 N 
00000000000072f2 N 
00000000000072f2 N 
00000000000072f2 N 
00000000000072f2 N 
00000000000072f2 N 
00000000000072f2 N 
00000000000072f2 N 
00000000000072f2 N 
00000000000072f2 N 
00000000000072f2 N 
00000000000072f2 N 
00000000000072f2 N 
00000000000072f2 N 
00000000000072f2 N 
00000000000072f2 N 
00000000000072f2 N 
00000000000072f2 N main.cpp.bf3274ef
0000000000007750 0000000000000458 t uw_frame_state_for
0000000000007bb0 0000000000000370 t uw_init_context_1
0000000000007f20 000000000000010c t _Unwind_RaiseException_Phase2
0000000000008030 0000000000000140 t _Unwind_ForcedUnwind_Phase2
0000000000008170 0000000000000054 t _Unwind_SetGR
00000000000081d0 0000000000000014 t _Unwind_GetIPInfo
00000000000081f0 0000000000000008 t _Unwind_SetIP
0000000000008200 0000000000000008 t _Unwind_GetLanguageSpecificData
0000000000008210 0000000000000008 t _Unwind_GetRegionStart
0000000000008220 0000000000000008 t _Unwind_GetDataRelBase
0000000000008230 0000000000000008 t _Unwind_GetTextRelBase
0000000000008240 0000000000000004 t _Unwind_DebugHook
0000000000008250 0000000000000174 t _Unwind_RaiseException
00000000000083d0 00000000000000fc t _Unwind_Resume
00000000000084d0 000000000000001c t _Unwind_DeleteException
00000000000084f0 0000000000000018 t fde_unencoded_compare
0000000000008510 000000000000002c t fde_unencoded_extract
0000000000008540 00000000000000dc t frame_downheap
0000000000008620 0000000000000140 t read_encoded_value_with_base
0000000000008760 0000000000000218 t fde_radixsort
0000000000008980 0000000000000104 t __deregister_frame_info_bases.part.0
0000000000008a90 0000000000000120 t get_cie_encoding
0000000000008bb0 00000000000000d0 t fde_mixed_encoding_extract
0000000000008c80 0000000000000204 t classify_object_over_fdes.constprop.0
0000000000008e90 00000000000000bc t fde_single_encoding_extract
0000000000008f50 00000000000000ac t fde_single_encoding_compare
0000000000009000 0000000000000104 t fde_mixed_encoding_compare
0000000000009110 0000000000000218 t add_fdes.isra.0
0000000000009330 0000000000000274 t linear_search_fdes
000000000000954d N 
000000000000954d N 
000000000000954d N 
000000000000954d N 
000000000000954d N 
000000000000954d N 
000000000000954d N 
000000000000954d N 
000000000000954d N 
000000000000954d N 
000000000000954d N 
000000000000954d N 
000000000000954d N 
000000000000954d N 
000000000000954d N 
000000000000954d N 
000000000000954d N 
000000000000954d N module.cpp.70129895
00000000000095b0 0000000000000534 t search_object
0000000000009601 N 
0000000000009601 N 
0000000000009601 N 
0000000000009601 N 
0000000000009601 N 
0000000000009601 N 
0000000000009601 N 
0000000000009601 N 
0000000000009601 N 
0000000000009601 N 
0000000000009601 N 
0000000000009601 N 
0000000000009601 N 
0000000000009601 N 
0000000000009601 N 
0000000000009601 N 
0000000000009601 N 
0000000000009601 N 
0000000000009601 N 
0000000000009601 N 
0000000000009601 N 
0000000000009601 N 
0000000000009601 N 
0000000000009601 N 
0000000000009601 N main_patch.cpp.422ecef1
0000000000009af0 0000000000000074 t __register_frame_info
0000000000009b70 0000000000000018 t __deregister_frame_info
0000000000009b90 00000000000001dc t _Unwind_Find_FDE
0000000000009d6c t __text_end__
0000000000009f4c t __code_end__
000000000000a038 r __nx_mod0
000000000000a0a8 0000000000000027 r typeinfo name for __gnu_cxx::__concurrence_lock_error
000000000000a0d0 0000000000000029 r typeinfo name for __gnu_cxx::__concurrence_unlock_error
000000000000a110 000000000000000d r typeinfo name for std::bad_alloc
000000000000a168 000000000000000d r typeinfo name for std::exception
000000000000a178 0000000000000020 r typeinfo name for __cxxabiv1::__forced_unwind
000000000000a198 0000000000000024 r typeinfo name for __cxxabiv1::__foreign_exception
000000000000a1c0 0000000000000025 r typeinfo name for __cxxabiv1::__si_class_type_info
000000000000a1e8 000000000000000d r typeinfo name for std::type_info
000000000000a1f8 0000000000000010 r typeinfo name for std::logic_error
000000000000a208 0000000000000011 r typeinfo name for std::length_error
000000000000a268 0000000000000022 r typeinfo name for __cxxabiv1::__class_type_info
000000000000a3a8 0000000000000008 r terminator.0
000000000000ab8f r __rel_dyn_end__
000000000000ab8f r __rel_dyn_start__
000000000000ab8f r __rela_dyn_start__
000000000000b628 r __rel_plt_end__
000000000000b628 r __rel_plt_start__
000000000000b628 r __rela_dyn_end__
000000000000b628 r __rela_plt_start__
000000000000b8c8 r __rela_plt_end__
000000000000b926 r __eh_frame_hdr_end__
000000000000b926 r __eh_frame_hdr_start__
000000000000b928 r __EH_FRAME_BEGIN__
000000000000b96e N 
000000000000b96e N 
000000000000b96e N 
000000000000b96e N 
000000000000b96e N 
000000000000b96e N 
000000000000b96e N 
000000000000b96e N 
000000000000b96e N 
000000000000b96e N 
000000000000b96e N 
000000000000b96e N 
000000000000b96e N 
000000000000b96e N 
000000000000b96e N 
000000000000b96e N 
000000000000b96e N 
000000000000b96e N 
000000000000b96e N 
000000000000b96e N 
000000000000b96e N 
000000000000b96e N 
000000000000b96e N 
000000000000b96e N 
000000000000b96e N 
000000000000b96e N 
000000000000b96e N 
000000000000b96e N 
000000000000b96e N And64InlineHook.cpp.a8353c42
000000000000d01c r __FRAME_END__
000000000000e000 0000000000000004 d g_processHandle
000000000000e004 0000000000000004 d FastAllocateTrampoline(unsigned int**, unsigned int**)::__index
000000000000e008 0000000000000020 d nostalgic
000000000000e028 0000000000000024 d nostalgic_p
000000000000e050 0000000000000020 d skyline::utils::g_RomMountStr[abi:cxx11]
000000000000e070 0000000000000008 d DW.ref.__gxx_personality_v0
000000000000e078 0000000000000018 d typeinfo for __gnu_cxx::__concurrence_lock_error
000000000000e090 0000000000000018 d typeinfo for __gnu_cxx::__concurrence_unlock_error
000000000000e0a8 0000000000000028 d vtable for __gnu_cxx::__concurrence_lock_error
000000000000e0d0 0000000000000028 d vtable for __gnu_cxx::__concurrence_unlock_error
000000000000e0f8 0000000000000018 d typeinfo for std::bad_alloc
000000000000e110 0000000000000028 d vtable for std::bad_alloc
000000000000e138 0000000000000010 d typeinfo for std::exception
000000000000e148 0000000000000010 d typeinfo for __cxxabiv1::__forced_unwind
000000000000e158 0000000000000010 d typeinfo for __cxxabiv1::__foreign_exception
000000000000e168 0000000000000008 d __cxxabiv1::__unexpected_handler
000000000000e170 0000000000000018 d typeinfo for __cxxabiv1::__si_class_type_info
000000000000e188 0000000000000058 d vtable for __cxxabiv1::__si_class_type_info
000000000000e1e0 0000000000000010 d typeinfo for std::type_info
000000000000e1f0 0000000000000018 d typeinfo for std::logic_error
000000000000e208 0000000000000018 d typeinfo for std::length_error
000000000000e220 0000000000000028 d vtable for std::logic_error
000000000000e248 0000000000000028 d vtable for std::length_error
000000000000e270 0000000000000018 d typeinfo for __cxxabiv1::__class_type_info
000000000000e288 0000000000000058 d vtable for __cxxabiv1::__class_type_info
000000000000e2e0 0000000000000008 d __cxxabiv1::__terminate_handler
000000000000e2e8 d __got_start__
000000000000e3e0 a _GLOBAL_OFFSET_TABLE_
000000000000e4f8 d __dynamic_start__
000000000000e4f8 d __got_end__
000000000000e4f8 a _DYNAMIC
000000000000e678 t __frame_dummy_init_array_entry
000000000000e678 t __init_array_start__
000000000000e678 t __preinit_array_end__
000000000000e678 t __preinit_array_start__
000000000000e690 t __do_global_dtors_aux_fini_array_entry
000000000000e690 t __fini_array_start__
000000000000e690 t __init_array_end__
000000000000e6a8 t __fini_array_end__
000000000000e6a8 a __tbss_align_abs__
000000000000e6a8 t __tbss_end__
000000000000e6a8 t __tbss_start__
000000000000e6a8 a __tdata_align_abs__
000000000000e6a8 t __tdata_end__
000000000000e6a8 t __tdata_start__
000000000000f000 b __bss_start__
000000000000f000 b completed.1
000000000000f008 b object.0
000000000000f038 000000000000001c b hookMutex
000000000000f058 0000000000000030 b __insns_jit
000000000000f088 0000000000000008 b inline_hook_curridx
000000000000f090 0000000000000030 b __inline_hook_jit
000000000000f0c0 0000000000000008 b skyline::utils::g_MainTextAddr
000000000000f0c8 0000000000000008 b skyline::utils::g_MainRodataAddr
000000000000f0d0 0000000000000008 b skyline::utils::g_MainDataAddr
000000000000f0d8 0000000000000008 b skyline::utils::g_MainBssAddr
000000000000f0e0 0000000000000008 b skyline::utils::g_MainHeapAddr
000000000000f0e8 0000000000000010 b g_AddressSpace
000000000000f0f8 0000000000000030 b g_Region
000000000000f128 0000000000000008 b __stack_top
000000000000f130 00000000000000d0 b __nx_module_runtime
000000000000f200 0000000000000028 b (anonymous namespace)::emergency_pool
000000000000f228 0000000000000008 b (anonymous namespace)::__new_handler
000000000000f230 0000000000000020 b std::string::_Rep::_S_empty_rep_storage
000000000000f250 0000000000000004 b init
000000000000f254 0000000000000001 b __eh_globals_init::_S_init
000000000000f258 0000000000000010 b (anonymous namespace)::eh_globals
000000000000f268 0000000000000004 b cache_info.0
000000000000f270 0000000000000004 b once_regsizes.0
000000000000f280 0000000000000062 b dwarf_reg_size_table
000000000000f2e8 0000000000000010 b object_mutex
000000000000f2f8 0000000000000008 b seen_objects
000000000000f300 0000000000000008 b unseen_objects
000000000000f308 b __bss_end__
000000000000f5bf N 
000000000000f5bf N 
000000000000f5bf N 
000000000000f5bf N 
000000000000f5bf N 
000000000000f5bf N 
000000000000f5bf N 
000000000000f5bf N 
000000000000f5bf N 
000000000000f5bf N 
000000000000f5bf N 
000000000000f5bf N 
000000000000f5bf N 
000000000000f5bf N 
000000000000f5bf N 
000000000000f5bf N 
000000000000f5bf N 
000000000000f5bf N 
000000000000f5bf N 
000000000000f5bf N 
000000000000f5bf N 
000000000000f5bf N 
000000000000f5bf N 
000000000000f5bf N 
000000000000f5bf N 
000000000000f5bf N controlledpages.cpp.e6580d3d
0000000000010000 b __argdata__
0000000000010000 a __end__
0000000000011dbd N 
0000000000011dbd N 
0000000000011dbd N 
0000000000011dbd N 
0000000000011dbd N 
0000000000011dbd N 
0000000000011dbd N 
0000000000011dbd N 
0000000000011dbd N 
0000000000011dbd N 
0000000000011dbd N 
0000000000011dbd N 
0000000000011dbd N 
0000000000011dbd N 
0000000000011dbd N 
0000000000011dbd N 
0000000000011dbd N 
0000000000011dbd N 
0000000000011dbd N 
0000000000011dbd N memcpy_controlled.cpp.f20d520b
0000000000011fd4 N 
0000000000011fd4 N 
0000000000011fd4 N 
0000000000011fd4 N 
0000000000011fd4 N 
0000000000011fd4 N 
0000000000011fd4 N 
0000000000011fd4 N 
0000000000011fd4 N 
0000000000011fd4 N 
0000000000011fd4 N 
0000000000011fd4 N 
0000000000011fd4 N 
0000000000011fd4 N 
0000000000011fd4 N 
0000000000011fd4 N 
0000000000011fd4 N 
0000000000011fd4 N 
0000000000011fd4 N 
0000000000011fd4 N 
0000000000011fd4 N 
0000000000011fd4 N 
0000000000011fd4 N 
0000000000011fd4 N 
0000000000011fd4 N 
0000000000011fd4 N 
0000000000011fd4 N 
0000000000011fd4 N KernelLogger.cpp.967ba22f
0000000000017c3d N 
0000000000017c3d N 
0000000000017c3d N 
0000000000017c3d N 
0000000000017c3d N 
0000000000017c3d N 
0000000000017c3d N 
0000000000017c3d N 
0000000000017c3d N 
0000000000017c3d N 
0000000000017c3d N 
0000000000017c3d N 
0000000000017c3d N 
0000000000017c3d N 
0000000000017c3d N 
0000000000017c3d N 
0000000000017c3d N 
0000000000017c3d N 
0000000000017c3d N 
0000000000017c3d N 
0000000000017c3d N 
0000000000017c3d N 
0000000000017c3d N 
0000000000017c3d N 
0000000000017c3d N 
0000000000017c3d N 
0000000000017c3d N 
0000000000017c3d N 
0000000000017c3d N 
0000000000017c3d N 
0000000000017c3d N 
0000000000017c3d N 
0000000000017c3d N 
0000000000017c3d N 
0000000000017c3d N 
0000000000017c3d N 
0000000000017c3d N 
0000000000017c3d N 
0000000000017c3d N 
0000000000017c3d N 
0000000000017c3d N 
0000000000017c3d N 
0000000000017c3d N 
0000000000017c3d N 
0000000000017c3d N 
0000000000017c3d N 
0000000000017c3d N 
0000000000017c3d N 
0000000000017c3d N 
0000000000017c3d N 
0000000000017c3d N 
0000000000017c3d N 
0000000000017c3d N 
0000000000017c3d N 
0000000000017c3d N 
0000000000017c3d N 
0000000000017c3d N 
0000000000017c3d N 
0000000000017c3d N 
0000000000017c3d N 
0000000000017c3d N 
0000000000017c3d N 
0000000000017c3d N 
0000000000017c3d N cpputils.cpp.116b7071
0000000000021fc6 N 
0000000000021fc6 N 
0000000000021fc6 N 
0000000000021fc6 N 
0000000000021fc6 N 
0000000000021fc6 N 
0000000000021fc6 N 
0000000000021fc6 N 
0000000000021fc6 N 
0000000000021fc6 N 
0000000000021fc6 N 
0000000000021fc6 N 
0000000000021fc6 N 
0000000000021fc6 N 
0000000000021fc6 N 
0000000000021fc6 N 
0000000000021fc6 N 
0000000000021fc6 N 
0000000000021fc6 N 
0000000000021fc6 N 
0000000000021fc6 N 
0000000000021fc6 N ipc.cpp.cccf37c2
0000000000025b2b N 
0000000000025b2b N 
0000000000025b2b N 
0000000000025b2b N 
0000000000025b2b N 
0000000000025b2b N 
0000000000025b2b N 
0000000000025b2b N 
0000000000025b2b N 
0000000000025b2b N 
0000000000025b2b N 
0000000000025b2b N 
0000000000025b2b N 
0000000000025b2b N 
0000000000025b2b N 
0000000000025b2b N 
0000000000025b2b N 
0000000000025b2b N 
0000000000025b2b N 
0000000000025b2b N crti.c.5a046145
0000000000025cab N 
0000000000025cab N 
0000000000025cab N 
0000000000025cab N 
0000000000025cab N 
0000000000025cab N 
0000000000025cab N 
0000000000025cab N 
0000000000025cab N 
0000000000025cab N 
0000000000025cab N 
0000000000025cab N 
0000000000025cab N 
0000000000025cab N 
0000000000025cab N 
0000000000025cab N 
0000000000025cab N 
0000000000025cab N 
0000000000025cab N 
0000000000025cab N 
0000000000025cab N 
0000000000025cab N 
0000000000025cab N 
0000000000025cab N 
0000000000025cab N 
0000000000025cab N utils.c.c8328ff9
0000000000025fee N 
0000000000025fee N 
0000000000025fee N 
0000000000025fee N 
0000000000025fee N 
0000000000025fee N 
0000000000025fee N 
0000000000025fee N 
0000000000025fee N 
0000000000025fee N 
0000000000025fee N 
0000000000025fee N 
0000000000025fee N 
0000000000025fee N 
0000000000025fee N 
0000000000025fee N 
0000000000025fee N 
0000000000025fee N 
0000000000025fee N 
0000000000025fee N 
0000000000025fee N 
0000000000025fee N 
0000000000025fee N 
0000000000025fee N jit.c.0399c6bf
00000000000265f4 N 
00000000000265f4 N 
00000000000265f4 N 
00000000000265f4 N 
00000000000265f4 N 
00000000000265f4 N 
00000000000265f4 N 
00000000000265f4 N 
00000000000265f4 N 
00000000000265f4 N 
00000000000265f4 N 
00000000000265f4 N 
00000000000265f4 N 
00000000000265f4 N 
00000000000265f4 N 
00000000000265f4 N 
00000000000265f4 N 
00000000000265f4 N 
00000000000265f4 N 
00000000000265f4 N 
00000000000265f4 N 
00000000000265f4 N 
00000000000265f4 N 
00000000000265f4 N 
00000000000265f4 N thread.c.4befcead
00000000000274a2 N 
00000000000274a2 N 
00000000000274a2 N 
00000000000274a2 N 
00000000000274a2 N 
00000000000274a2 N 
00000000000274a2 N 
00000000000274a2 N 
00000000000274a2 N 
00000000000274a2 N 
00000000000274a2 N 
00000000000274a2 N 
00000000000274a2 N 
00000000000274a2 N 
00000000000274a2 N 
00000000000274a2 N 
00000000000274a2 N 
00000000000274a2 N 
00000000000274a2 N 
00000000000274a2 N 
00000000000274a2 N 
00000000000274a2 N 
00000000000274a2 N 
00000000000274a2 N virtmem.c.ee27a07b
0000000000027a09 N 
0000000000027a09 N 
0000000000027a09 N 
0000000000027a09 N 
0000000000027a09 N 
0000000000027a09 N 
0000000000027a09 N 
0000000000027a09 N 
0000000000027a09 N 
0000000000027a09 N 
0000000000027a09 N 
0000000000027a09 N 
0000000000027a09 N 
0000000000027a09 N 
0000000000027a09 N 
0000000000027a09 N 
0000000000027a09 N 
0000000000027a09 N 
0000000000027a09 N 
0000000000027a09 N 
0000000000027a09 N 
0000000000027a09 N 
0000000000027a09 N 
0000000000027a09 N 
0000000000027a09 N 
0000000000027a09 N 
0000000000027a09 N 
0000000000027a09 N 
0000000000027a09 N 
0000000000027a09 N 
0000000000027a09 N 
0000000000027a09 N 
0000000000027a09 N 
0000000000027a09 N 
0000000000027a09 N 
0000000000027a09 N 
0000000000027a09 N 
0000000000027a09 N 
0000000000027a09 N 
0000000000027a09 N env.c.accb13c3
0000000000027e4c N 
0000000000027e4c N 
0000000000027e4c N 
0000000000027e4c N 
0000000000027e4c N 
0000000000027e4c N 
0000000000027e4c N 
0000000000027e4c N 
0000000000027e4c N 
0000000000027e4c N 
0000000000027e4c N 
0000000000027e4c N 
0000000000027e4c N 
0000000000027e4c N 
0000000000027e4c N 
0000000000027e4c N 
0000000000027e4c N 
0000000000027e4c N init.c.a518c834
